13-Oct-2017 19:44:17.360 INFO [main] org.apache.catalina.startup.VersionLoggerListener.log Server version:        Apache Tomcat/9.0.1
13-Oct-2017 19:44:17.363 INFO [main] org.apache.catalina.startup.VersionLoggerListener.log Server built:          Sep 27 2017 17:31:52 UTC
13-Oct-2017 19:44:17.363 INFO [main] org.apache.catalina.startup.VersionLoggerListener.log Server number:         9.0.1.0
13-Oct-2017 19:44:17.363 INFO [main] org.apache.catalina.startup.VersionLoggerListener.log OS Name:               Mac OS X
13-Oct-2017 19:44:17.363 INFO [main] org.apache.catalina.startup.VersionLoggerListener.log OS Version:            10.13
13-Oct-2017 19:44:17.363 INFO [main] org.apache.catalina.startup.VersionLoggerListener.log Architecture:          x86_64
13-Oct-2017 19:44:17.363 INFO [main] org.apache.catalina.startup.VersionLoggerListener.log Java Home:             /Library/Java/JavaVirtualMachines/jdk1.8.0_144.jdk/Contents/Home/jre
13-Oct-2017 19:44:17.363 INFO [main] org.apache.catalina.startup.VersionLoggerListener.log JVM Version:           1.8.0_144-b01
13-Oct-2017 19:44:17.364 INFO [main] org.apache.catalina.startup.VersionLoggerListener.log JVM Vendor:            Oracle Corporation
13-Oct-2017 19:44:17.364 INFO [main] org.apache.catalina.startup.VersionLoggerListener.log CATALINA_BASE:         /Users/yihl/Desktop/Java/Tomcat
13-Oct-2017 19:44:17.364 INFO [main] org.apache.catalina.startup.VersionLoggerListener.log CATALINA_HOME:         /Users/yihl/Desktop/Java/Tomcat
13-Oct-2017 19:44:17.365 INFO [main] org.apache.catalina.startup.VersionLoggerListener.log Command line argument: -Djava.util.logging.config.file=/Users/yihl/Desktop/Java/Tomcat/conf/logging.properties
13-Oct-2017 19:44:17.365 INFO [main] org.apache.catalina.startup.VersionLoggerListener.log Command line argument: -Djava.util.logging.manager=org.apache.juli.ClassLoaderLogManager
13-Oct-2017 19:44:17.365 INFO [main] org.apache.catalina.startup.VersionLoggerListener.log Command line argument: -Djdk.tls.ephemeralDHKeySize=2048
13-Oct-2017 19:44:17.365 INFO [main] org.apache.catalina.startup.VersionLoggerListener.log Command line argument: -Djava.protocol.handler.pkgs=org.apache.catalina.webresources
13-Oct-2017 19:44:17.365 INFO [main] org.apache.catalina.startup.VersionLoggerListener.log Command line argument: -Dcatalina.base=/Users/yihl/Desktop/Java/Tomcat
13-Oct-2017 19:44:17.365 INFO [main] org.apache.catalina.startup.VersionLoggerListener.log Command line argument: -Dcatalina.home=/Users/yihl/Desktop/Java/Tomcat
13-Oct-2017 19:44:17.365 INFO [main] org.apache.catalina.startup.VersionLoggerListener.log Command line argument: -Djava.io.tmpdir=/Users/yihl/Desktop/Java/Tomcat/temp
13-Oct-2017 19:44:17.366 INFO [main] org.apache.catalina.core.AprLifecycleListener.lifecycleEvent The APR based Apache Tomcat Native library which allows optimal performance in production environments was not found on the java.library.path: [/Users/yihl/Library/Java/Extensions:/Library/Java/Extensions:/Network/Library/Java/Extensions:/System/Library/Java/Extensions:/usr/lib/java:.]
13-Oct-2017 19:44:17.513 INFO [main] org.apache.coyote.AbstractProtocol.init Initializing ProtocolHandler ["http-nio-8080"]
13-Oct-2017 19:44:17.538 INFO [main] org.apache.tomcat.util.net.NioSelectorPool.getSharedSelector Using a shared selector for servlet write/read
13-Oct-2017 19:44:17.544 INFO [main] org.apache.coyote.AbstractProtocol.init Initializing ProtocolHandler ["ajp-nio-8009"]
13-Oct-2017 19:44:17.546 INFO [main] org.apache.tomcat.util.net.NioSelectorPool.getSharedSelector Using a shared selector for servlet write/read
13-Oct-2017 19:44:17.546 INFO [main] org.apache.catalina.startup.Catalina.load Initialization processed in 587 ms
13-Oct-2017 19:44:17.580 INFO [main] org.apache.catalina.core.StandardService.startInternal Starting service [Catalina]
13-Oct-2017 19:44:17.580 INFO [main] org.apache.catalina.core.StandardEngine.startInternal Starting Servlet Engine: Apache Tomcat/9.0.1
13-Oct-2017 19:44:17.588 INFO [main] org.apache.catalina.startup.HostConfig.deployDirectory Deploying web application directory [/Users/yihl/Desktop/Java/Tomcat/webapps/docs]
13-Oct-2017 19:44:17.899 INFO [main] org.apache.catalina.startup.HostConfig.deployDirectory Deployment of web application directory [/Users/yihl/Desktop/Java/Tomcat/webapps/docs] has finished in [311] ms
13-Oct-2017 19:44:17.900 INFO [main] org.apache.catalina.startup.HostConfig.deployDirectory Deploying web application directory [/Users/yihl/Desktop/Java/Tomcat/webapps/manager]
13-Oct-2017 19:44:17.929 INFO [main] org.apache.catalina.startup.HostConfig.deployDirectory Deployment of web application directory [/Users/yihl/Desktop/Java/Tomcat/webapps/manager] has finished in [29] ms
13-Oct-2017 19:44:17.930 INFO [main] org.apache.catalina.startup.HostConfig.deployDirectory Deploying web application directory [/Users/yihl/Desktop/Java/Tomcat/webapps/examples]
13-Oct-2017 19:44:18.162 INFO [main] org.apache.catalina.startup.HostConfig.deployDirectory Deployment of web application directory [/Users/yihl/Desktop/Java/Tomcat/webapps/examples] has finished in [232] ms
13-Oct-2017 19:44:18.162 INFO [main] org.apache.catalina.startup.HostConfig.deployDirectory Deploying web application directory [/Users/yihl/Desktop/Java/Tomcat/webapps/ROOT]
13-Oct-2017 19:44:18.177 INFO [main] org.apache.catalina.startup.HostConfig.deployDirectory Deployment of web application directory [/Users/yihl/Desktop/Java/Tomcat/webapps/ROOT] has finished in [14] ms
13-Oct-2017 19:44:18.177 INFO [main] org.apache.catalina.startup.HostConfig.deployDirectory Deploying web application directory [/Users/yihl/Desktop/Java/Tomcat/webapps/host-manager]
13-Oct-2017 19:44:18.197 INFO [main] org.apache.catalina.startup.HostConfig.deployDirectory Deployment of web application directory [/Users/yihl/Desktop/Java/Tomcat/webapps/host-manager] has finished in [19] ms
13-Oct-2017 19:44:18.199 INFO [main] org.apache.coyote.AbstractProtocol.start Starting ProtocolHandler ["http-nio-8080"]
13-Oct-2017 19:44:18.206 INFO [main] org.apache.coyote.AbstractProtocol.start Starting ProtocolHandler ["ajp-nio-8009"]
13-Oct-2017 19:44:18.209 INFO [main] org.apache.catalina.startup.Catalina.start Server startup in 662 ms
13-Oct-2017 19:45:44.817 INFO [main] org.apache.catalina.core.StandardServer.await A valid shutdown command was received via the shutdown port. Stopping the Server instance.
13-Oct-2017 19:45:44.818 INFO [main] org.apache.coyote.AbstractProtocol.pause Pausing ProtocolHandler ["http-nio-8080"]
13-Oct-2017 19:45:44.875 INFO [main] org.apache.coyote.AbstractProtocol.pause Pausing ProtocolHandler ["ajp-nio-8009"]
13-Oct-2017 19:45:44.929 INFO [main] org.apache.catalina.core.StandardService.stopInternal Stopping service [Catalina]
13-Oct-2017 19:45:44.961 INFO [main] org.apache.coyote.AbstractProtocol.stop Stopping ProtocolHandler ["http-nio-8080"]
13-Oct-2017 19:45:44.967 INFO [main] org.apache.coyote.AbstractProtocol.stop Stopping ProtocolHandler ["ajp-nio-8009"]
13-Oct-2017 19:45:44.968 INFO [main] org.apache.coyote.AbstractProtocol.destroy Destroying ProtocolHandler ["http-nio-8080"]
13-Oct-2017 19:45:44.969 INFO [main] org.apache.coyote.AbstractProtocol.destroy Destroying ProtocolHandler ["ajp-nio-8009"]
13-Oct-2017 19:52:25.933 INFO [main] org.apache.catalina.startup.VersionLoggerListener.log Server version:        Apache Tomcat/9.0.1
13-Oct-2017 19:52:25.936 INFO [main] org.apache.catalina.startup.VersionLoggerListener.log Server built:          Sep 27 2017 17:31:52 UTC
13-Oct-2017 19:52:25.936 INFO [main] org.apache.catalina.startup.VersionLoggerListener.log Server number:         9.0.1.0
13-Oct-2017 19:52:25.936 INFO [main] org.apache.catalina.startup.VersionLoggerListener.log OS Name:               Mac OS X
13-Oct-2017 19:52:25.936 INFO [main] org.apache.catalina.startup.VersionLoggerListener.log OS Version:            10.13
13-Oct-2017 19:52:25.937 INFO [main] org.apache.catalina.startup.VersionLoggerListener.log Architecture:          x86_64
13-Oct-2017 19:52:25.937 INFO [main] org.apache.catalina.startup.VersionLoggerListener.log Java Home:             /Library/Java/JavaVirtualMachines/jdk1.8.0_144.jdk/Contents/Home/jre
13-Oct-2017 19:52:25.937 INFO [main] org.apache.catalina.startup.VersionLoggerListener.log JVM Version:           1.8.0_144-b01
13-Oct-2017 19:52:25.937 INFO [main] org.apache.catalina.startup.VersionLoggerListener.log JVM Vendor:            Oracle Corporation
13-Oct-2017 19:52:25.937 INFO [main] org.apache.catalina.startup.VersionLoggerListener.log CATALINA_BASE:         /Users/yihl/Desktop/Java/Tomcat
13-Oct-2017 19:52:25.937 INFO [main] org.apache.catalina.startup.VersionLoggerListener.log CATALINA_HOME:         /Users/yihl/Desktop/Java/Tomcat
13-Oct-2017 19:52:25.938 INFO [main] org.apache.catalina.startup.VersionLoggerListener.log Command line argument: -Djava.util.logging.config.file=/Users/yihl/Desktop/Java/Tomcat/conf/logging.properties
13-Oct-2017 19:52:25.939 INFO [main] org.apache.catalina.startup.VersionLoggerListener.log Command line argument: -Djava.util.logging.manager=org.apache.juli.ClassLoaderLogManager
13-Oct-2017 19:52:25.939 INFO [main] org.apache.catalina.startup.VersionLoggerListener.log Command line argument: -Djdk.tls.ephemeralDHKeySize=2048
13-Oct-2017 19:52:25.939 INFO [main] org.apache.catalina.startup.VersionLoggerListener.log Command line argument: -Djava.protocol.handler.pkgs=org.apache.catalina.webresources
13-Oct-2017 19:52:25.939 INFO [main] org.apache.catalina.startup.VersionLoggerListener.log Command line argument: -Dcatalina.base=/Users/yihl/Desktop/Java/Tomcat
13-Oct-2017 19:52:25.939 INFO [main] org.apache.catalina.startup.VersionLoggerListener.log Command line argument: -Dcatalina.home=/Users/yihl/Desktop/Java/Tomcat
13-Oct-2017 19:52:25.939 INFO [main] org.apache.catalina.startup.VersionLoggerListener.log Command line argument: -Djava.io.tmpdir=/Users/yihl/Desktop/Java/Tomcat/temp
13-Oct-2017 19:52:25.939 INFO [main] org.apache.catalina.core.AprLifecycleListener.lifecycleEvent The APR based Apache Tomcat Native library which allows optimal performance in production environments was not found on the java.library.path: [/Users/yihl/Library/Java/Extensions:/Library/Java/Extensions:/Network/Library/Java/Extensions:/System/Library/Java/Extensions:/usr/lib/java:.]
13-Oct-2017 19:52:26.077 INFO [main] org.apache.coyote.AbstractProtocol.init Initializing ProtocolHandler ["http-nio-8080"]
13-Oct-2017 19:52:26.100 INFO [main] org.apache.tomcat.util.net.NioSelectorPool.getSharedSelector Using a shared selector for servlet write/read
13-Oct-2017 19:52:26.107 INFO [main] org.apache.coyote.AbstractProtocol.init Initializing ProtocolHandler ["ajp-nio-8009"]
13-Oct-2017 19:52:26.108 INFO [main] org.apache.tomcat.util.net.NioSelectorPool.getSharedSelector Using a shared selector for servlet write/read
13-Oct-2017 19:52:26.108 INFO [main] org.apache.catalina.startup.Catalina.load Initialization processed in 608 ms
13-Oct-2017 19:52:26.141 INFO [main] org.apache.catalina.core.StandardService.startInternal Starting service [Catalina]
13-Oct-2017 19:52:26.141 INFO [main] org.apache.catalina.core.StandardEngine.startInternal Starting Servlet Engine: Apache Tomcat/9.0.1
13-Oct-2017 19:52:26.152 INFO [main] org.apache.catalina.startup.HostConfig.deployDirectory Deploying web application directory [/Users/yihl/Desktop/Java/Tomcat/webapps/docs]
13-Oct-2017 19:52:26.518 INFO [main] org.apache.catalina.startup.HostConfig.deployDirectory Deployment of web application directory [/Users/yihl/Desktop/Java/Tomcat/webapps/docs] has finished in [366] ms
13-Oct-2017 19:52:26.518 INFO [main] org.apache.catalina.startup.HostConfig.deployDirectory Deploying web application directory [/Users/yihl/Desktop/Java/Tomcat/webapps/manager]
13-Oct-2017 19:52:26.565 INFO [main] org.apache.catalina.startup.HostConfig.deployDirectory Deployment of web application directory [/Users/yihl/Desktop/Java/Tomcat/webapps/manager] has finished in [47] ms
13-Oct-2017 19:52:26.565 INFO [main] org.apache.catalina.startup.HostConfig.deployDirectory Deploying web application directory [/Users/yihl/Desktop/Java/Tomcat/webapps/examples]
13-Oct-2017 19:52:26.850 INFO [main] org.apache.catalina.startup.HostConfig.deployDirectory Deployment of web application directory [/Users/yihl/Desktop/Java/Tomcat/webapps/examples] has finished in [284] ms
13-Oct-2017 19:52:26.850 INFO [main] org.apache.catalina.startup.HostConfig.deployDirectory Deploying web application directory [/Users/yihl/Desktop/Java/Tomcat/webapps/ROOT]
13-Oct-2017 19:52:26.866 INFO [main] org.apache.catalina.startup.HostConfig.deployDirectory Deployment of web application directory [/Users/yihl/Desktop/Java/Tomcat/webapps/ROOT] has finished in [16] ms
13-Oct-2017 19:52:26.866 INFO [main] org.apache.catalina.startup.HostConfig.deployDirectory Deploying web application directory [/Users/yihl/Desktop/Java/Tomcat/webapps/host-manager]
13-Oct-2017 19:52:26.887 INFO [main] org.apache.catalina.startup.HostConfig.deployDirectory Deployment of web application directory [/Users/yihl/Desktop/Java/Tomcat/webapps/host-manager] has finished in [20] ms
13-Oct-2017 19:52:26.890 INFO [main] org.apache.coyote.AbstractProtocol.start Starting ProtocolHandler ["http-nio-8080"]
13-Oct-2017 19:52:26.899 INFO [main] org.apache.coyote.AbstractProtocol.start Starting ProtocolHandler ["ajp-nio-8009"]
13-Oct-2017 19:52:26.901 INFO [main] org.apache.catalina.startup.Catalina.start Server startup in 792 ms
13-Oct-2017 19:52:42.284 INFO [main] org.apache.catalina.core.StandardServer.await A valid shutdown command was received via the shutdown port. Stopping the Server instance.
13-Oct-2017 19:52:42.285 INFO [main] org.apache.coyote.AbstractProtocol.pause Pausing ProtocolHandler ["http-nio-8080"]
13-Oct-2017 19:52:42.341 INFO [main] org.apache.coyote.AbstractProtocol.pause Pausing ProtocolHandler ["ajp-nio-8009"]
13-Oct-2017 19:52:42.393 INFO [main] org.apache.catalina.core.StandardService.stopInternal Stopping service [Catalina]
13-Oct-2017 19:52:42.421 INFO [main] org.apache.coyote.AbstractProtocol.stop Stopping ProtocolHandler ["http-nio-8080"]
13-Oct-2017 19:52:42.426 INFO [main] org.apache.coyote.AbstractProtocol.stop Stopping ProtocolHandler ["ajp-nio-8009"]
13-Oct-2017 19:52:42.427 INFO [main] org.apache.coyote.AbstractProtocol.destroy Destroying ProtocolHandler ["http-nio-8080"]
13-Oct-2017 19:52:42.427 INFO [main] org.apache.coyote.AbstractProtocol.destroy Destroying ProtocolHandler ["ajp-nio-8009"]
13-Oct-2017 19:55:41.706 INFO [main] org.apache.catalina.startup.VersionLoggerListener.log Server version:        Apache Tomcat/9.0.1
13-Oct-2017 19:55:41.709 INFO [main] org.apache.catalina.startup.VersionLoggerListener.log Server built:          Sep 27 2017 17:31:52 UTC
13-Oct-2017 19:55:41.709 INFO [main] org.apache.catalina.startup.VersionLoggerListener.log Server number:         9.0.1.0
13-Oct-2017 19:55:41.709 INFO [main] org.apache.catalina.startup.VersionLoggerListener.log OS Name:               Mac OS X
13-Oct-2017 19:55:41.709 INFO [main] org.apache.catalina.startup.VersionLoggerListener.log OS Version:            10.13
13-Oct-2017 19:55:41.710 INFO [main] org.apache.catalina.startup.VersionLoggerListener.log Architecture:          x86_64
13-Oct-2017 19:55:41.710 INFO [main] org.apache.catalina.startup.VersionLoggerListener.log Java Home:             /Library/Java/JavaVirtualMachines/jdk1.8.0_144.jdk/Contents/Home/jre
13-Oct-2017 19:55:41.710 INFO [main] org.apache.catalina.startup.VersionLoggerListener.log JVM Version:           1.8.0_144-b01
13-Oct-2017 19:55:41.710 INFO [main] org.apache.catalina.startup.VersionLoggerListener.log JVM Vendor:            Oracle Corporation
13-Oct-2017 19:55:41.710 INFO [main] org.apache.catalina.startup.VersionLoggerListener.log CATALINA_BASE:         /Users/yihl/Desktop/Java/Tomcat
13-Oct-2017 19:55:41.710 INFO [main] org.apache.catalina.startup.VersionLoggerListener.log CATALINA_HOME:         /Users/yihl/Desktop/Java/Tomcat
13-Oct-2017 19:55:41.711 INFO [main] org.apache.catalina.startup.VersionLoggerListener.log Command line argument: -Djava.util.logging.config.file=/Users/yihl/Desktop/Java/Tomcat/conf/logging.properties
13-Oct-2017 19:55:41.711 INFO [main] org.apache.catalina.startup.VersionLoggerListener.log Command line argument: -Djava.util.logging.manager=org.apache.juli.ClassLoaderLogManager
13-Oct-2017 19:55:41.712 INFO [main] org.apache.catalina.startup.VersionLoggerListener.log Command line argument: -Djdk.tls.ephemeralDHKeySize=2048
13-Oct-2017 19:55:41.712 INFO [main] org.apache.catalina.startup.VersionLoggerListener.log Command line argument: -Djava.protocol.handler.pkgs=org.apache.catalina.webresources
13-Oct-2017 19:55:41.712 INFO [main] org.apache.catalina.startup.VersionLoggerListener.log Command line argument: -Dcatalina.base=/Users/yihl/Desktop/Java/Tomcat
13-Oct-2017 19:55:41.712 INFO [main] org.apache.catalina.startup.VersionLoggerListener.log Command line argument: -Dcatalina.home=/Users/yihl/Desktop/Java/Tomcat
13-Oct-2017 19:55:41.712 INFO [main] org.apache.catalina.startup.VersionLoggerListener.log Command line argument: -Djava.io.tmpdir=/Users/yihl/Desktop/Java/Tomcat/temp
13-Oct-2017 19:55:41.712 INFO [main] org.apache.catalina.core.AprLifecycleListener.lifecycleEvent The APR based Apache Tomcat Native library which allows optimal performance in production environments was not found on the java.library.path: [/Users/yihl/Library/Java/Extensions:/Library/Java/Extensions:/Network/Library/Java/Extensions:/System/Library/Java/Extensions:/usr/lib/java:.]
13-Oct-2017 19:55:41.852 INFO [main] org.apache.coyote.AbstractProtocol.init Initializing ProtocolHandler ["http-nio-8080"]
13-Oct-2017 19:55:41.874 INFO [main] org.apache.tomcat.util.net.NioSelectorPool.getSharedSelector Using a shared selector for servlet write/read
13-Oct-2017 19:55:41.881 INFO [main] org.apache.coyote.AbstractProtocol.init Initializing ProtocolHandler ["ajp-nio-8009"]
13-Oct-2017 19:55:41.882 INFO [main] org.apache.tomcat.util.net.NioSelectorPool.getSharedSelector Using a shared selector for servlet write/read
13-Oct-2017 19:55:41.882 INFO [main] org.apache.catalina.startup.Catalina.load Initialization processed in 635 ms
13-Oct-2017 19:55:41.910 INFO [main] org.apache.catalina.core.StandardService.startInternal Starting service [Catalina]
13-Oct-2017 19:55:41.910 INFO [main] org.apache.catalina.core.StandardEngine.startInternal Starting Servlet Engine: Apache Tomcat/9.0.1
13-Oct-2017 19:55:41.916 INFO [main] org.apache.catalina.startup.HostConfig.deployDirectory Deploying web application directory [/Users/yihl/Desktop/Java/Tomcat/webapps/docs]
13-Oct-2017 19:55:42.240 INFO [main] org.apache.catalina.startup.HostConfig.deployDirectory Deployment of web application directory [/Users/yihl/Desktop/Java/Tomcat/webapps/docs] has finished in [323] ms
13-Oct-2017 19:55:42.240 INFO [main] org.apache.catalina.startup.HostConfig.deployDirectory Deploying web application directory [/Users/yihl/Desktop/Java/Tomcat/webapps/manager]
13-Oct-2017 19:55:42.273 INFO [main] org.apache.catalina.startup.HostConfig.deployDirectory Deployment of web application directory [/Users/yihl/Desktop/Java/Tomcat/webapps/manager] has finished in [32] ms
13-Oct-2017 19:55:42.273 INFO [main] org.apache.catalina.startup.HostConfig.deployDirectory Deploying web application directory [/Users/yihl/Desktop/Java/Tomcat/webapps/examples]
13-Oct-2017 19:55:42.537 INFO [main] org.apache.catalina.startup.HostConfig.deployDirectory Deployment of web application directory [/Users/yihl/Desktop/Java/Tomcat/webapps/examples] has finished in [264] ms
13-Oct-2017 19:55:42.537 INFO [main] org.apache.catalina.startup.HostConfig.deployDirectory Deploying web application directory [/Users/yihl/Desktop/Java/Tomcat/webapps/ROOT]
13-Oct-2017 19:55:42.555 INFO [main] org.apache.catalina.startup.HostConfig.deployDirectory Deployment of web application directory [/Users/yihl/Desktop/Java/Tomcat/webapps/ROOT] has finished in [18] ms
13-Oct-2017 19:55:42.555 INFO [main] org.apache.catalina.startup.HostConfig.deployDirectory Deploying web application directory [/Users/yihl/Desktop/Java/Tomcat/webapps/host-manager]
13-Oct-2017 19:55:42.574 INFO [main] org.apache.catalina.startup.HostConfig.deployDirectory Deployment of web application directory [/Users/yihl/Desktop/Java/Tomcat/webapps/host-manager] has finished in [19] ms
13-Oct-2017 19:55:42.578 INFO [main] org.apache.coyote.AbstractProtocol.start Starting ProtocolHandler ["http-nio-8080"]
13-Oct-2017 19:55:42.589 INFO [main] org.apache.coyote.AbstractProtocol.start Starting ProtocolHandler ["ajp-nio-8009"]
13-Oct-2017 19:55:42.591 INFO [main] org.apache.catalina.startup.Catalina.start Server startup in 708 ms
13-Oct-2017 19:56:21.497 INFO [main] org.apache.catalina.core.StandardServer.await A valid shutdown command was received via the shutdown port. Stopping the Server instance.
13-Oct-2017 19:56:21.498 INFO [main] org.apache.coyote.AbstractProtocol.pause Pausing ProtocolHandler ["http-nio-8080"]
13-Oct-2017 19:56:21.555 INFO [main] org.apache.coyote.AbstractProtocol.pause Pausing ProtocolHandler ["ajp-nio-8009"]
13-Oct-2017 19:56:21.609 INFO [main] org.apache.catalina.core.StandardService.stopInternal Stopping service [Catalina]
13-Oct-2017 19:56:21.638 INFO [main] org.apache.coyote.AbstractProtocol.stop Stopping ProtocolHandler ["http-nio-8080"]
13-Oct-2017 19:56:21.642 INFO [main] org.apache.coyote.AbstractProtocol.stop Stopping ProtocolHandler ["ajp-nio-8009"]
13-Oct-2017 19:56:21.644 INFO [main] org.apache.coyote.AbstractProtocol.destroy Destroying ProtocolHandler ["http-nio-8080"]
13-Oct-2017 19:56:21.645 INFO [main] org.apache.coyote.AbstractProtocol.destroy Destroying ProtocolHandler ["ajp-nio-8009"]
13-Oct-2017 19:56:29.696 INFO [main] org.apache.catalina.startup.VersionLoggerListener.log Server version:        Apache Tomcat/9.0.1
13-Oct-2017 19:56:29.698 INFO [main] org.apache.catalina.startup.VersionLoggerListener.log Server built:          Sep 27 2017 17:31:52 UTC
13-Oct-2017 19:56:29.698 INFO [main] org.apache.catalina.startup.VersionLoggerListener.log Server number:         9.0.1.0
13-Oct-2017 19:56:29.698 INFO [main] org.apache.catalina.startup.VersionLoggerListener.log OS Name:               Mac OS X
13-Oct-2017 19:56:29.698 INFO [main] org.apache.catalina.startup.VersionLoggerListener.log OS Version:            10.13
13-Oct-2017 19:56:29.698 INFO [main] org.apache.catalina.startup.VersionLoggerListener.log Architecture:          x86_64
13-Oct-2017 19:56:29.699 INFO [main] org.apache.catalina.startup.VersionLoggerListener.log Java Home:             /Library/Java/JavaVirtualMachines/jdk1.8.0_144.jdk/Contents/Home/jre
13-Oct-2017 19:56:29.699 INFO [main] org.apache.catalina.startup.VersionLoggerListener.log JVM Version:           1.8.0_144-b01
13-Oct-2017 19:56:29.699 INFO [main] org.apache.catalina.startup.VersionLoggerListener.log JVM Vendor:            Oracle Corporation
13-Oct-2017 19:56:29.699 INFO [main] org.apache.catalina.startup.VersionLoggerListener.log CATALINA_BASE:         /Users/yihl/Desktop/Java/Tomcat
13-Oct-2017 19:56:29.699 INFO [main] org.apache.catalina.startup.VersionLoggerListener.log CATALINA_HOME:         /Users/yihl/Desktop/Java/Tomcat
13-Oct-2017 19:56:29.700 INFO [main] org.apache.catalina.startup.VersionLoggerListener.log Command line argument: -Djava.util.logging.config.file=/Users/yihl/Desktop/Java/Tomcat/conf/logging.properties
13-Oct-2017 19:56:29.700 INFO [main] org.apache.catalina.startup.VersionLoggerListener.log Command line argument: -Djava.util.logging.manager=org.apache.juli.ClassLoaderLogManager
13-Oct-2017 19:56:29.700 INFO [main] org.apache.catalina.startup.VersionLoggerListener.log Command line argument: -Djdk.tls.ephemeralDHKeySize=2048
13-Oct-2017 19:56:29.700 INFO [main] org.apache.catalina.startup.VersionLoggerListener.log Command line argument: -Djava.protocol.handler.pkgs=org.apache.catalina.webresources
13-Oct-2017 19:56:29.700 INFO [main] org.apache.catalina.startup.VersionLoggerListener.log Command line argument: -Dcatalina.base=/Users/yihl/Desktop/Java/Tomcat
13-Oct-2017 19:56:29.701 INFO [main] org.apache.catalina.startup.VersionLoggerListener.log Command line argument: -Dcatalina.home=/Users/yihl/Desktop/Java/Tomcat
13-Oct-2017 19:56:29.701 INFO [main] org.apache.catalina.startup.VersionLoggerListener.log Command line argument: -Djava.io.tmpdir=/Users/yihl/Desktop/Java/Tomcat/temp
13-Oct-2017 19:56:29.701 INFO [main] org.apache.catalina.core.AprLifecycleListener.lifecycleEvent The APR based Apache Tomcat Native library which allows optimal performance in production environments was not found on the java.library.path: [/Users/yihl/Library/Java/Extensions:/Library/Java/Extensions:/Network/Library/Java/Extensions:/System/Library/Java/Extensions:/usr/lib/java:.]
13-Oct-2017 19:56:29.846 INFO [main] org.apache.coyote.AbstractProtocol.init Initializing ProtocolHandler ["http-nio-8080"]
13-Oct-2017 19:56:29.867 INFO [main] org.apache.tomcat.util.net.NioSelectorPool.getSharedSelector Using a shared selector for servlet write/read
13-Oct-2017 19:56:29.874 INFO [main] org.apache.coyote.AbstractProtocol.init Initializing ProtocolHandler ["ajp-nio-8009"]
13-Oct-2017 19:56:29.875 INFO [main] org.apache.tomcat.util.net.NioSelectorPool.getSharedSelector Using a shared selector for servlet write/read
13-Oct-2017 19:56:29.875 INFO [main] org.apache.catalina.startup.Catalina.load Initialization processed in 621 ms
13-Oct-2017 19:56:29.914 INFO [main] org.apache.catalina.core.StandardService.startInternal Starting service [Catalina]
13-Oct-2017 19:56:29.915 INFO [main] org.apache.catalina.core.StandardEngine.startInternal Starting Servlet Engine: Apache Tomcat/9.0.1
13-Oct-2017 19:56:29.933 INFO [main] org.apache.catalina.startup.HostConfig.deployDirectory Deploying web application directory [/Users/yihl/Desktop/Java/Tomcat/webapps/docs]
13-Oct-2017 19:56:30.462 INFO [main] org.apache.catalina.startup.HostConfig.deployDirectory Deployment of web application directory [/Users/yihl/Desktop/Java/Tomcat/webapps/docs] has finished in [529] ms
13-Oct-2017 19:56:30.463 INFO [main] org.apache.catalina.startup.HostConfig.deployDirectory Deploying web application directory [/Users/yihl/Desktop/Java/Tomcat/webapps/manager]
13-Oct-2017 19:56:30.510 INFO [main] org.apache.catalina.startup.HostConfig.deployDirectory Deployment of web application directory [/Users/yihl/Desktop/Java/Tomcat/webapps/manager] has finished in [46] ms
13-Oct-2017 19:56:30.510 INFO [main] org.apache.catalina.startup.HostConfig.deployDirectory Deploying web application directory [/Users/yihl/Desktop/Java/Tomcat/webapps/examples]
13-Oct-2017 19:56:31.059 INFO [main] org.apache.catalina.startup.HostConfig.deployDirectory Deployment of web application directory [/Users/yihl/Desktop/Java/Tomcat/webapps/examples] has finished in [549] ms
13-Oct-2017 19:56:31.060 INFO [main] org.apache.catalina.startup.HostConfig.deployDirectory Deploying web application directory [/Users/yihl/Desktop/Java/Tomcat/webapps/ROOT]
13-Oct-2017 19:56:31.076 INFO [main] org.apache.catalina.startup.HostConfig.deployDirectory Deployment of web application directory [/Users/yihl/Desktop/Java/Tomcat/webapps/ROOT] has finished in [16] ms
13-Oct-2017 19:56:31.078 INFO [main] org.apache.catalina.startup.HostConfig.deployDirectory Deploying web application directory [/Users/yihl/Desktop/Java/Tomcat/webapps/host-manager]
13-Oct-2017 19:56:31.103 INFO [main] org.apache.catalina.startup.HostConfig.deployDirectory Deployment of web application directory [/Users/yihl/Desktop/Java/Tomcat/webapps/host-manager] has finished in [25] ms
13-Oct-2017 19:56:31.106 INFO [main] org.apache.coyote.AbstractProtocol.start Starting ProtocolHandler ["http-nio-8080"]
13-Oct-2017 19:56:31.106 INFO [main] org.apache.catalina.startup.VersionLoggerListener.log Server version:        Apache Tomcat/9.0.1
13-Oct-2017 19:56:31.110 INFO [main] org.apache.catalina.startup.VersionLoggerListener.log Server built:          Sep 27 2017 17:31:52 UTC
13-Oct-2017 19:56:31.110 INFO [main] org.apache.catalina.startup.VersionLoggerListener.log Server number:         9.0.1.0
13-Oct-2017 19:56:31.111 INFO [main] org.apache.catalina.startup.VersionLoggerListener.log OS Name:               Mac OS X
13-Oct-2017 19:56:31.111 INFO [main] org.apache.catalina.startup.VersionLoggerListener.log OS Version:            10.13
13-Oct-2017 19:56:31.111 INFO [main] org.apache.catalina.startup.VersionLoggerListener.log Architecture:          x86_64
13-Oct-2017 19:56:31.111 INFO [main] org.apache.catalina.startup.VersionLoggerListener.log Java Home:             /Library/Java/JavaVirtualMachines/jdk1.8.0_144.jdk/Contents/Home/jre
13-Oct-2017 19:56:31.111 INFO [main] org.apache.catalina.startup.VersionLoggerListener.log JVM Version:           1.8.0_144-b01
13-Oct-2017 19:56:31.111 INFO [main] org.apache.catalina.startup.VersionLoggerListener.log JVM Vendor:            Oracle Corporation
13-Oct-2017 19:56:31.111 INFO [main] org.apache.catalina.startup.VersionLoggerListener.log CATALINA_BASE:         /Users/yihl/Desktop/Java/Tomcat
13-Oct-2017 19:56:31.112 INFO [main] org.apache.catalina.startup.VersionLoggerListener.log CATALINA_HOME:         /Users/yihl/Desktop/Java/Tomcat
13-Oct-2017 19:56:31.113 INFO [main] org.apache.catalina.startup.VersionLoggerListener.log Command line argument: -Djava.util.logging.config.file=/Users/yihl/Desktop/Java/Tomcat/conf/logging.properties
13-Oct-2017 19:56:31.113 INFO [main] org.apache.catalina.startup.VersionLoggerListener.log Command line argument: -Djava.util.logging.manager=org.apache.juli.ClassLoaderLogManager
13-Oct-2017 19:56:31.113 INFO [main] org.apache.catalina.startup.VersionLoggerListener.log Command line argument: -Djdk.tls.ephemeralDHKeySize=2048
13-Oct-2017 19:56:31.113 INFO [main] org.apache.catalina.startup.VersionLoggerListener.log Command line argument: -Djava.protocol.handler.pkgs=org.apache.catalina.webresources
13-Oct-2017 19:56:31.113 INFO [main] org.apache.catalina.startup.VersionLoggerListener.log Command line argument: -Dcatalina.base=/Users/yihl/Desktop/Java/Tomcat
13-Oct-2017 19:56:31.114 INFO [main] org.apache.catalina.startup.VersionLoggerListener.log Command line argument: -Dcatalina.home=/Users/yihl/Desktop/Java/Tomcat
13-Oct-2017 19:56:31.114 INFO [main] org.apache.catalina.startup.VersionLoggerListener.log Command line argument: -Djava.io.tmpdir=/Users/yihl/Desktop/Java/Tomcat/temp
13-Oct-2017 19:56:31.114 INFO [main] org.apache.catalina.core.AprLifecycleListener.lifecycleEvent The APR based Apache Tomcat Native library which allows optimal performance in production environments was not found on the java.library.path: [/Users/yihl/Library/Java/Extensions:/Library/Java/Extensions:/Network/Library/Java/Extensions:/System/Library/Java/Extensions:/usr/lib/java:.]
13-Oct-2017 19:56:31.121 INFO [main] org.apache.coyote.AbstractProtocol.start Starting ProtocolHandler ["ajp-nio-8009"]
13-Oct-2017 19:56:31.124 INFO [main] org.apache.catalina.startup.Catalina.start Server startup in 1248 ms
13-Oct-2017 19:56:31.269 INFO [main] org.apache.coyote.AbstractProtocol.init Initializing ProtocolHandler ["http-nio-8080"]
13-Oct-2017 19:56:31.290 SEVERE [main] org.apache.catalina.util.LifecycleBase.handleSubClassException Failed to initialize component [Connector[HTTP/1.1-8080]]
 org.apache.catalina.LifecycleException: Protocol handler initialization failed
	at org.apache.catalina.connector.Connector.initInternal(Connector.java:935)
	at org.apache.catalina.util.LifecycleBase.init(LifecycleBase.java:136)
	at org.apache.catalina.core.StandardService.initInternal(StandardService.java:530)
	at org.apache.catalina.util.LifecycleBase.init(LifecycleBase.java:136)
	at org.apache.catalina.core.StandardServer.initInternal(StandardServer.java:852)
	at org.apache.catalina.util.LifecycleBase.init(LifecycleBase.java:136)
	at org.apache.catalina.startup.Catalina.load(Catalina.java:622)
	at org.apache.catalina.startup.Catalina.load(Catalina.java:645)
	at sun.reflect.NativeMethodAccessorImpl.invoke0(Native Method)
	at sun.reflect.NativeMethodAccessorImpl.invoke(NativeMethodAccessorImpl.java:62)
	at sun.reflect.DelegatingMethodAccessorImpl.invoke(DelegatingMethodAccessorImpl.java:43)
	at java.lang.reflect.Method.invoke(Method.java:498)
	at org.apache.catalina.startup.Bootstrap.load(Bootstrap.java:311)
	at org.apache.catalina.startup.Bootstrap.main(Bootstrap.java:494)
Caused by: java.net.BindException: Address already in use
	at sun.nio.ch.Net.bind0(Native Method)
	at sun.nio.ch.Net.bind(Net.java:433)
	at sun.nio.ch.Net.bind(Net.java:425)
	at sun.nio.ch.ServerSocketChannelImpl.bind(ServerSocketChannelImpl.java:223)
	at sun.nio.ch.ServerSocketAdaptor.bind(ServerSocketAdaptor.java:74)
	at org.apache.tomcat.util.net.NioEndpoint.initServerSocket(NioEndpoint.java:227)
	at org.apache.tomcat.util.net.NioEndpoint.bind(NioEndpoint.java:202)
	at org.apache.tomcat.util.net.AbstractEndpoint.init(AbstractEndpoint.java:1039)
	at org.apache.coyote.AbstractProtocol.init(AbstractProtocol.java:540)
	at org.apache.coyote.http11.AbstractHttp11Protocol.init(AbstractHttp11Protocol.java:70)
	at org.apache.catalina.connector.Connector.initInternal(Connector.java:932)
	... 13 more

13-Oct-2017 19:56:31.292 INFO [main] org.apache.coyote.AbstractProtocol.init Initializing ProtocolHandler ["ajp-nio-8009"]
13-Oct-2017 19:56:31.293 SEVERE [main] org.apache.catalina.util.LifecycleBase.handleSubClassException Failed to initialize component [Connector[AJP/1.3-8009]]
 org.apache.catalina.LifecycleException: Protocol handler initialization failed
	at org.apache.catalina.connector.Connector.initInternal(Connector.java:935)
	at org.apache.catalina.util.LifecycleBase.init(LifecycleBase.java:136)
	at org.apache.catalina.core.StandardService.initInternal(StandardService.java:530)
	at org.apache.catalina.util.LifecycleBase.init(LifecycleBase.java:136)
	at org.apache.catalina.core.StandardServer.initInternal(StandardServer.java:852)
	at org.apache.catalina.util.LifecycleBase.init(LifecycleBase.java:136)
	at org.apache.catalina.startup.Catalina.load(Catalina.java:622)
	at org.apache.catalina.startup.Catalina.load(Catalina.java:645)
	at sun.reflect.NativeMethodAccessorImpl.invoke0(Native Method)
	at sun.reflect.NativeMethodAccessorImpl.invoke(NativeMethodAccessorImpl.java:62)
	at sun.reflect.DelegatingMethodAccessorImpl.invoke(DelegatingMethodAccessorImpl.java:43)
	at java.lang.reflect.Method.invoke(Method.java:498)
	at org.apache.catalina.startup.Bootstrap.load(Bootstrap.java:311)
	at org.apache.catalina.startup.Bootstrap.main(Bootstrap.java:494)
Caused by: java.net.BindException: Address already in use
	at sun.nio.ch.Net.bind0(Native Method)
	at sun.nio.ch.Net.bind(Net.java:433)
	at sun.nio.ch.Net.bind(Net.java:425)
	at sun.nio.ch.ServerSocketChannelImpl.bind(ServerSocketChannelImpl.java:223)
	at sun.nio.ch.ServerSocketAdaptor.bind(ServerSocketAdaptor.java:74)
	at org.apache.tomcat.util.net.NioEndpoint.initServerSocket(NioEndpoint.java:227)
	at org.apache.tomcat.util.net.NioEndpoint.bind(NioEndpoint.java:202)
	at org.apache.tomcat.util.net.AbstractEndpoint.init(AbstractEndpoint.java:1039)
	at org.apache.coyote.AbstractProtocol.init(AbstractProtocol.java:540)
	at org.apache.catalina.connector.Connector.initInternal(Connector.java:932)
	... 13 more

13-Oct-2017 19:56:31.293 INFO [main] org.apache.catalina.startup.Catalina.load Initialization processed in 944 ms
13-Oct-2017 19:56:31.320 INFO [main] org.apache.catalina.core.StandardService.startInternal Starting service [Catalina]
13-Oct-2017 19:56:31.321 INFO [main] org.apache.catalina.core.StandardEngine.startInternal Starting Servlet Engine: Apache Tomcat/9.0.1
13-Oct-2017 19:56:31.326 INFO [main] org.apache.catalina.startup.HostConfig.deployDirectory Deploying web application directory [/Users/yihl/Desktop/Java/Tomcat/webapps/docs]
13-Oct-2017 19:56:31.643 INFO [main] org.apache.catalina.startup.HostConfig.deployDirectory Deployment of web application directory [/Users/yihl/Desktop/Java/Tomcat/webapps/docs] has finished in [316] ms
13-Oct-2017 19:56:31.643 INFO [main] org.apache.catalina.startup.HostConfig.deployDirectory Deploying web application directory [/Users/yihl/Desktop/Java/Tomcat/webapps/manager]
13-Oct-2017 19:56:31.681 INFO [main] org.apache.catalina.startup.HostConfig.deployDirectory Deployment of web application directory [/Users/yihl/Desktop/Java/Tomcat/webapps/manager] has finished in [37] ms
13-Oct-2017 19:56:31.681 INFO [main] org.apache.catalina.startup.HostConfig.deployDirectory Deploying web application directory [/Users/yihl/Desktop/Java/Tomcat/webapps/examples]
13-Oct-2017 19:56:31.954 INFO [main] org.apache.catalina.startup.HostConfig.deployDirectory Deployment of web application directory [/Users/yihl/Desktop/Java/Tomcat/webapps/examples] has finished in [273] ms
13-Oct-2017 19:56:31.955 INFO [main] org.apache.catalina.startup.HostConfig.deployDirectory Deploying web application directory [/Users/yihl/Desktop/Java/Tomcat/webapps/ROOT]
13-Oct-2017 19:56:31.972 INFO [main] org.apache.catalina.startup.HostConfig.deployDirectory Deployment of web application directory [/Users/yihl/Desktop/Java/Tomcat/webapps/ROOT] has finished in [17] ms
13-Oct-2017 19:56:31.972 INFO [main] org.apache.catalina.startup.HostConfig.deployDirectory Deploying web application directory [/Users/yihl/Desktop/Java/Tomcat/webapps/host-manager]
13-Oct-2017 19:56:31.995 INFO [main] org.apache.catalina.startup.HostConfig.deployDirectory Deployment of web application directory [/Users/yihl/Desktop/Java/Tomcat/webapps/host-manager] has finished in [22] ms
13-Oct-2017 19:56:31.998 INFO [main] org.apache.catalina.startup.Catalina.start Server startup in 704 ms
13-Oct-2017 19:56:32.004 SEVERE [main] org.apache.catalina.core.StandardServer.await StandardServer.await: create[localhost:8005]: 
 java.net.BindException: Address already in use (Bind failed)
	at java.net.PlainSocketImpl.socketBind(Native Method)
	at java.net.AbstractPlainSocketImpl.bind(AbstractPlainSocketImpl.java:387)
	at java.net.ServerSocket.bind(ServerSocket.java:375)
	at java.net.ServerSocket.<init>(ServerSocket.java:237)
	at org.apache.catalina.core.StandardServer.await(StandardServer.java:422)
	at org.apache.catalina.startup.Catalina.await(Catalina.java:759)
	at org.apache.catalina.startup.Catalina.start(Catalina.java:705)
	at sun.reflect.NativeMethodAccessorImpl.invoke0(Native Method)
	at sun.reflect.NativeMethodAccessorImpl.invoke(NativeMethodAccessorImpl.java:62)
	at sun.reflect.DelegatingMethodAccessorImpl.invoke(DelegatingMethodAccessorImpl.java:43)
	at java.lang.reflect.Method.invoke(Method.java:498)
	at org.apache.catalina.startup.Bootstrap.start(Bootstrap.java:355)
	at org.apache.catalina.startup.Bootstrap.main(Bootstrap.java:495)

13-Oct-2017 19:56:32.005 INFO [main] org.apache.coyote.AbstractProtocol.pause Pausing ProtocolHandler ["http-nio-8080"]
13-Oct-2017 19:56:32.005 INFO [main] org.apache.coyote.AbstractProtocol.pause Pausing ProtocolHandler ["ajp-nio-8009"]
13-Oct-2017 19:56:32.005 INFO [main] org.apache.catalina.core.StandardService.stopInternal Stopping service [Catalina]
13-Oct-2017 19:56:32.029 INFO [main] org.apache.coyote.AbstractProtocol.stop Stopping ProtocolHandler ["http-nio-8080"]
13-Oct-2017 19:56:32.029 INFO [main] org.apache.coyote.AbstractProtocol.destroy Destroying ProtocolHandler ["http-nio-8080"]
13-Oct-2017 19:56:32.029 INFO [main] org.apache.coyote.AbstractProtocol.stop Stopping ProtocolHandler ["ajp-nio-8009"]
13-Oct-2017 19:56:32.030 INFO [main] org.apache.coyote.AbstractProtocol.destroy Destroying ProtocolHandler ["ajp-nio-8009"]
13-Oct-2017 19:56:42.240 INFO [main] org.apache.catalina.core.StandardServer.await A valid shutdown command was received via the shutdown port. Stopping the Server instance.
13-Oct-2017 19:56:42.241 INFO [main] org.apache.coyote.AbstractProtocol.pause Pausing ProtocolHandler ["http-nio-8080"]
13-Oct-2017 19:56:42.295 INFO [main] org.apache.coyote.AbstractProtocol.pause Pausing ProtocolHandler ["ajp-nio-8009"]
13-Oct-2017 19:56:42.359 INFO [main] org.apache.catalina.core.StandardService.stopInternal Stopping service [Catalina]
13-Oct-2017 19:56:42.380 INFO [main] org.apache.coyote.AbstractProtocol.stop Stopping ProtocolHandler ["http-nio-8080"]
13-Oct-2017 19:56:42.382 INFO [main] org.apache.coyote.AbstractProtocol.stop Stopping ProtocolHandler ["ajp-nio-8009"]
13-Oct-2017 19:56:42.384 INFO [main] org.apache.coyote.AbstractProtocol.destroy Destroying ProtocolHandler ["http-nio-8080"]
13-Oct-2017 19:56:42.385 INFO [main] org.apache.coyote.AbstractProtocol.destroy Destroying ProtocolHandler ["ajp-nio-8009"]
20-Oct-2017 19:23:34.937 INFO [main] org.apache.catalina.startup.VersionLoggerListener.log Server version:        Apache Tomcat/9.0.1
20-Oct-2017 19:23:34.942 INFO [main] org.apache.catalina.startup.VersionLoggerListener.log Server built:          Sep 27 2017 17:31:52 UTC
20-Oct-2017 19:23:34.942 INFO [main] org.apache.catalina.startup.VersionLoggerListener.log Server number:         9.0.1.0
20-Oct-2017 19:23:34.942 INFO [main] org.apache.catalina.startup.VersionLoggerListener.log OS Name:               Mac OS X
20-Oct-2017 19:23:34.943 INFO [main] org.apache.catalina.startup.VersionLoggerListener.log OS Version:            10.13
20-Oct-2017 19:23:34.943 INFO [main] org.apache.catalina.startup.VersionLoggerListener.log Architecture:          x86_64
20-Oct-2017 19:23:34.943 INFO [main] org.apache.catalina.startup.VersionLoggerListener.log Java Home:             /Library/Java/JavaVirtualMachines/jdk1.8.0_144.jdk/Contents/Home/jre
20-Oct-2017 19:23:34.943 INFO [main] org.apache.catalina.startup.VersionLoggerListener.log JVM Version:           1.8.0_144-b01
20-Oct-2017 19:23:34.943 INFO [main] org.apache.catalina.startup.VersionLoggerListener.log JVM Vendor:            Oracle Corporation
20-Oct-2017 19:23:34.944 INFO [main] org.apache.catalina.startup.VersionLoggerListener.log CATALINA_BASE:         /Users/yihl/Desktop/Java/Tomcat
20-Oct-2017 19:23:34.944 INFO [main] org.apache.catalina.startup.VersionLoggerListener.log CATALINA_HOME:         /Users/yihl/Desktop/Java/Tomcat
20-Oct-2017 19:23:34.945 INFO [main] org.apache.catalina.startup.VersionLoggerListener.log Command line argument: -Djava.util.logging.config.file=/Users/yihl/Desktop/Java/Tomcat/conf/logging.properties
20-Oct-2017 19:23:34.945 INFO [main] org.apache.catalina.startup.VersionLoggerListener.log Command line argument: -Djava.util.logging.manager=org.apache.juli.ClassLoaderLogManager
20-Oct-2017 19:23:34.945 INFO [main] org.apache.catalina.startup.VersionLoggerListener.log Command line argument: -Djdk.tls.ephemeralDHKeySize=2048
20-Oct-2017 19:23:34.946 INFO [main] org.apache.catalina.startup.VersionLoggerListener.log Command line argument: -Djava.protocol.handler.pkgs=org.apache.catalina.webresources
20-Oct-2017 19:23:34.946 INFO [main] org.apache.catalina.startup.VersionLoggerListener.log Command line argument: -Dcatalina.base=/Users/yihl/Desktop/Java/Tomcat
20-Oct-2017 19:23:34.946 INFO [main] org.apache.catalina.startup.VersionLoggerListener.log Command line argument: -Dcatalina.home=/Users/yihl/Desktop/Java/Tomcat
20-Oct-2017 19:23:34.946 INFO [main] org.apache.catalina.startup.VersionLoggerListener.log Command line argument: -Djava.io.tmpdir=/Users/yihl/Desktop/Java/Tomcat/temp
20-Oct-2017 19:23:34.946 INFO [main] org.apache.catalina.core.AprLifecycleListener.lifecycleEvent The APR based Apache Tomcat Native library which allows optimal performance in production environments was not found on the java.library.path: [/Users/yihl/Library/Java/Extensions:/Library/Java/Extensions:/Network/Library/Java/Extensions:/System/Library/Java/Extensions:/usr/lib/java:.]
20-Oct-2017 19:23:35.136 INFO [main] org.apache.coyote.AbstractProtocol.init Initializing ProtocolHandler ["http-nio-8080"]
20-Oct-2017 19:23:35.163 INFO [main] org.apache.tomcat.util.net.NioSelectorPool.getSharedSelector Using a shared selector for servlet write/read
20-Oct-2017 19:23:35.174 INFO [main] org.apache.coyote.AbstractProtocol.init Initializing ProtocolHandler ["ajp-nio-8009"]
20-Oct-2017 19:23:35.176 INFO [main] org.apache.tomcat.util.net.NioSelectorPool.getSharedSelector Using a shared selector for servlet write/read
20-Oct-2017 19:23:35.177 INFO [main] org.apache.catalina.startup.Catalina.load Initialization processed in 698 ms
20-Oct-2017 19:23:35.211 INFO [main] org.apache.catalina.core.StandardService.startInternal Starting service [Catalina]
20-Oct-2017 19:23:35.212 INFO [main] org.apache.catalina.core.StandardEngine.startInternal Starting Servlet Engine: Apache Tomcat/9.0.1
20-Oct-2017 19:23:35.220 INFO [main] org.apache.catalina.startup.HostConfig.deployDirectory Deploying web application directory [/Users/yihl/Desktop/Java/Tomcat/webapps/docs]
20-Oct-2017 19:23:35.653 INFO [main] org.apache.catalina.startup.HostConfig.deployDirectory Deployment of web application directory [/Users/yihl/Desktop/Java/Tomcat/webapps/docs] has finished in [432] ms
20-Oct-2017 19:23:35.653 INFO [main] org.apache.catalina.startup.HostConfig.deployDirectory Deploying web application directory [/Users/yihl/Desktop/Java/Tomcat/webapps/manager]
20-Oct-2017 19:23:35.773 INFO [main] org.apache.catalina.startup.HostConfig.deployDirectory Deployment of web application directory [/Users/yihl/Desktop/Java/Tomcat/webapps/manager] has finished in [120] ms
20-Oct-2017 19:23:35.774 INFO [main] org.apache.catalina.startup.HostConfig.deployDirectory Deploying web application directory [/Users/yihl/Desktop/Java/Tomcat/webapps/examples]
20-Oct-2017 19:23:36.362 INFO [main] org.apache.catalina.startup.HostConfig.deployDirectory Deployment of web application directory [/Users/yihl/Desktop/Java/Tomcat/webapps/examples] has finished in [587] ms
20-Oct-2017 19:23:36.362 INFO [main] org.apache.catalina.startup.HostConfig.deployDirectory Deploying web application directory [/Users/yihl/Desktop/Java/Tomcat/webapps/ROOT]
20-Oct-2017 19:23:36.378 INFO [main] org.apache.catalina.startup.HostConfig.deployDirectory Deployment of web application directory [/Users/yihl/Desktop/Java/Tomcat/webapps/ROOT] has finished in [15] ms
20-Oct-2017 19:23:36.378 INFO [main] org.apache.catalina.startup.HostConfig.deployDirectory Deploying web application directory [/Users/yihl/Desktop/Java/Tomcat/webapps/host-manager]
20-Oct-2017 19:23:36.398 INFO [main] org.apache.catalina.startup.HostConfig.deployDirectory Deployment of web application directory [/Users/yihl/Desktop/Java/Tomcat/webapps/host-manager] has finished in [20] ms
20-Oct-2017 19:23:36.402 INFO [main] org.apache.coyote.AbstractProtocol.start Starting ProtocolHandler ["http-nio-8080"]
20-Oct-2017 19:23:36.410 INFO [main] org.apache.coyote.AbstractProtocol.start Starting ProtocolHandler ["ajp-nio-8009"]
20-Oct-2017 19:23:36.411 INFO [main] org.apache.catalina.startup.Catalina.start Server startup in 1233 ms
20-Oct-2017 19:32:07.402 INFO [main] org.apache.catalina.core.StandardServer.await A valid shutdown command was received via the shutdown port. Stopping the Server instance.
20-Oct-2017 19:32:07.402 INFO [main] org.apache.coyote.AbstractProtocol.pause Pausing ProtocolHandler ["http-nio-8080"]
20-Oct-2017 19:32:07.458 INFO [main] org.apache.coyote.AbstractProtocol.pause Pausing ProtocolHandler ["ajp-nio-8009"]
20-Oct-2017 19:32:07.513 INFO [main] org.apache.catalina.core.StandardService.stopInternal Stopping service [Catalina]
20-Oct-2017 19:32:07.538 INFO [main] org.apache.coyote.AbstractProtocol.stop Stopping ProtocolHandler ["http-nio-8080"]
20-Oct-2017 19:32:07.540 INFO [main] org.apache.coyote.AbstractProtocol.stop Stopping ProtocolHandler ["ajp-nio-8009"]
20-Oct-2017 19:32:07.541 INFO [main] org.apache.coyote.AbstractProtocol.destroy Destroying ProtocolHandler ["http-nio-8080"]
20-Oct-2017 19:32:07.542 INFO [main] org.apache.coyote.AbstractProtocol.destroy Destroying ProtocolHandler ["ajp-nio-8009"]
